# JRE version: OpenJDK Runtime Environment (11.0.8+10) (build 11.0.8+10-b944.6842174)
# Java VM: OpenJDK 64-Bit Server VM (11.0.8+10-b944.6842174, mixed mode, tiered, compressed oops, g1 gc, windows-amd64)
Heap:
 garbage-first heap   total 352256K, used 166054K [0x0000000080000000, 0x0000000100000000)
  region size 1024K, 34 young (34816K), 2 survivors (2048K)
 Metaspace       used 232603K, capacity 241084K, committed 241332K, reserved 1259520K
  class space    used 28548K, capacity 31616K, committed 31692K, reserved 1048576K
GC Heap History (20 events):
Event: 9940.195 GC heap before
{Heap before GC invocations=151 (full 2):
 garbage-first heap   total 352256K, used 236832K [0x0000000080000000, 0x0000000100000000)
  region size 1024K, 120 young (122880K), 19 survivors (19456K)
 Metaspace       used 221396K, capacity 228987K, committed 238772K, reserved 1257472K
  class space    used 27077K, capacity 29846K, committed 31692K, reserved 1048576K
}
Event: 9940.220 GC heap after
{Heap after GC invocations=152 (full 2):
 garbage-first heap   total 352256K, used 129229K [0x0000000080000000, 0x0000000100000000)
  region size 1024K, 5 young (5120K), 5 survivors (5120K)
 Metaspace       used 221396K, capacity 228987K, committed 238772K, reserved 1257472K
  class space    used 27077K, capacity 29846K, committed 31692K, reserved 1048576K
}
Event: 10426.625 GC heap before
{Heap before GC invocations=153 (full 2):
 garbage-first heap   total 352256K, used 286925K [0x0000000080000000, 0x0000000100000000)
  region size 1024K, 146 young (149504K), 5 survivors (5120K)
 Metaspace       used 221581K, capacity 229237K, committed 238772K, reserved 1257472K
  class space    used 27107K, capacity 29894K, committed 31692K, reserved 1048576K
}
Event: 10426.632 GC heap after
{Heap after GC invocations=154 (full 2):
 garbage-first heap   total 352256K, used 135087K [0x0000000080000000, 0x0000000100000000)
  region size 1024K, 11 young (11264K), 11 survivors (11264K)
 Metaspace       used 221581K, capacity 229237K, committed 238772K, reserved 1257472K
  class space    used 27107K, capacity 29894K, committed 31692K, reserved 1048576K
}
Event: 10426.642 GC heap before
{Heap before GC invocations=154 (full 2):
 garbage-first heap   total 352256K, used 141231K [0x0000000080000000, 0x0000000100000000)
  region size 1024K, 17 young (17408K), 11 survivors (11264K)
 Metaspace       used 221581K, capacity 229237K, committed 238772K, reserved 1257472K
  class space    used 27107K, capacity 29894K, committed 31692K, reserved 1048576K
}
Event: 10426.648 GC heap after
{Heap after GC invocations=155 (full 2):
 garbage-first heap   total 352256K, used 135162K [0x0000000080000000, 0x0000000100000000)
  region size 1024K, 2 young (2048K), 2 survivors (2048K)
 Metaspace       used 221581K, capacity 229237K, committed 238772K, reserved 1257472K
  class space    used 27107K, capacity 29894K, committed 31692K, reserved 1048576K
}
Event: 10427.747 GC heap before
{Heap before GC invocations=155 (full 2):
 garbage-first heap   total 352256K, used 167930K [0x0000000080000000, 0x0000000100000000)
  region size 1024K, 36 young (36864K), 2 survivors (2048K)
 Metaspace       used 221598K, capacity 229258K, committed 238772K, reserved 1257472K
  class space    used 27109K, capacity 29898K, committed 31692K, reserved 1048576K
}
Event: 10427.751 GC heap after
{Heap after GC invocations=156 (full 2):
 garbage-first heap   total 352256K, used 134908K [0x0000000080000000, 0x0000000100000000)
  region size 1024K, 2 young (2048K), 2 survivors (2048K)
 Metaspace       used 221598K, capacity 229258K, committed 238772K, reserved 1257472K
  class space    used 27109K, capacity 29898K, committed 31692K, reserved 1048576K
}
Event: 10428.524 GC heap before
{Heap before GC invocations=157 (full 2):
 garbage-first heap   total 352256K, used 284215K [0x0000000080000000, 0x0000000100000000)
  region size 1024K, 145 young (148480K), 2 survivors (2048K)
 Metaspace       used 221915K, capacity 229696K, committed 238772K, reserved 1257472K
  class space    used 27137K, capacity 29939K, committed 31692K, reserved 1048576K
}
Event: 10428.530 GC heap after
{Heap after GC invocations=158 (full 2):
 garbage-first heap   total 352256K, used 142630K [0x0000000080000000, 0x0000000100000000)
  region size 1024K, 12 young (12288K), 12 survivors (12288K)
 Metaspace       used 221915K, capacity 229696K, committed 238772K, reserved 1257472K
  class space    used 27137K, capacity 29939K, committed 31692K, reserved 1048576K
}
Event: 10428.560 GC heap before
{Heap before GC invocations=158 (full 2):
 garbage-first heap   total 352256K, used 146726K [0x0000000080000000, 0x0000000100000000)
  region size 1024K, 17 young (17408K), 12 survivors (12288K)
 Metaspace       used 221915K, capacity 229696K, committed 238772K, reserved 1257472K
  class space    used 27137K, capacity 29939K, committed 31692K, reserved 1048576K
}
Event: 10428.569 GC heap after
{Heap after GC invocations=159 (full 2):
 garbage-first heap   total 352256K, used 134822K [0x0000000080000000, 0x0000000100000000)
  region size 1024K, 2 young (2048K), 2 survivors (2048K)
 Metaspace       used 221915K, capacity 229696K, committed 238772K, reserved 1257472K
  class space    used 27137K, capacity 29939K, committed 31692K, reserved 1048576K
}
Event: 10428.667 GC heap before
{Heap before GC invocations=159 (full 2):
 garbage-first heap   total 352256K, used 144038K [0x0000000080000000, 0x0000000100000000)
  region size 1024K, 12 young (12288K), 2 survivors (2048K)
 Metaspace       used 222843K, capacity 230624K, committed 238772K, reserved 1257472K
  class space    used 27215K, capacity 30035K, committed 31692K, reserved 1048576K
}
Event: 10428.672 GC heap after
{Heap after GC invocations=160 (full 2):
 garbage-first heap   total 352256K, used 136486K [0x0000000080000000, 0x0000000100000000)
  region size 1024K, 4 young (4096K), 4 survivors (4096K)
 Metaspace       used 222843K, capacity 230624K, committed 238772K, reserved 1257472K
  class space    used 27215K, capacity 30035K, committed 31692K, reserved 1048576K
}
Event: 10431.357 GC heap before
{Heap before GC invocations=161 (full 2):
 garbage-first heap   total 352256K, used 228646K [0x0000000080000000, 0x0000000100000000)
  region size 1024K, 93 young (95232K), 4 survivors (4096K)
 Metaspace       used 232595K, capacity 241078K, committed 241332K, reserved 1259520K
  class space    used 28547K, capacity 31615K, committed 31692K, reserved 1048576K
}
Event: 10431.366 GC heap after
{Heap after GC invocations=162 (full 2):
 garbage-first heap   total 352256K, used 139032K [0x0000000080000000, 0x0000000100000000)
  region size 1024K, 6 young (6144K), 6 survivors (6144K)
 Metaspace       used 232595K, capacity 241078K, committed 241332K, reserved 1259520K
  class space    used 28547K, capacity 31615K, committed 31692K, reserved 1048576K
}
Event: 10432.048 GC heap before
{Heap before GC invocations=163 (full 2):
 garbage-first heap   total 352256K, used 277272K [0x0000000080000000, 0x0000000100000000)
  region size 1024K, 128 young (131072K), 6 survivors (6144K)
 Metaspace       used 232602K, capacity 241084K, committed 241332K, reserved 1259520K
  class space    used 28548K, capacity 31616K, committed 31692K, reserved 1048576K
}
Event: 10432.053 GC heap after
{Heap after GC invocations=164 (full 2):
 garbage-first heap   total 352256K, used 155711K [0x0000000080000000, 0x0000000100000000)
  region size 1024K, 11 young (11264K), 11 survivors (11264K)
 Metaspace       used 232602K, capacity 241084K, committed 241332K, reserved 1259520K
  class space    used 28548K, capacity 31616K, committed 31692K, reserved 1048576K
}
Event: 10631.661 GC heap before
{Heap before GC invocations=164 (full 2):
 garbage-first heap   total 352256K, used 162879K [0x0000000080000000, 0x0000000100000000)
  region size 1024K, 17 young (17408K), 11 survivors (11264K)
 Metaspace       used 232603K, capacity 241084K, committed 241332K, reserved 1259520K
  class space    used 28548K, capacity 31616K, committed 31692K, reserved 1048576K
}
Event: 10631.667 GC heap after
{Heap after GC invocations=165 (full 2):
 garbage-first heap   total 352256K, used 134310K [0x0000000080000000, 0x0000000100000000)
  region size 1024K, 2 young (2048K), 2 survivors (2048K)
 Metaspace       used 232603K, capacity 241084K, committed 241332K, reserved 1259520K
  class space    used 28548K, capacity 31616K, committed 31692K, reserved 1048576K
}

